# column   1     --> step : The current simulation time step.
# column   2     --> time{picosecond} : The elapsed simulation time.
# column   3     --> conserved{kelvin} : The value of the conserved energy quantity per bead.
# column   4     --> temperature{kelvin} : The current temperature, as obtained from the MD kinetic energy.
# column   5     --> kinetic_cv{kelvin} : The centroid-virial quantum kinetic energy of the physical system.
# column   6     --> potential{electronvolt} : The physical system potential energy.
# column   7     --> pressure_cv{megapascal} : The quantum estimator for pressure of the physical system.
    0.00000000e+00     0.00000000e+00    -3.39101770e+05     2.21996086e+02     9.00000000e+02    -2.95178216e+01     7.82673577e+00   
    5.00000000e+00     1.25000000e-03    -3.39336073e+05     1.32552146e+03     9.33153122e+02    -3.03977919e+01     2.36180139e+00   
    1.00000000e+01     2.50000000e-03    -3.39192195e+05     6.07443636e+02     1.63646783e+03    -2.97174084e+01    -4.97529884e+00   
    1.50000000e+01     3.75000000e-03    -3.39182156e+05     4.35833512e+02     2.28888825e+03    -2.95346768e+01    -5.58082441e+00   
    2.00000000e+01     5.00000000e-03    -3.39266930e+05     1.22668786e+03     1.85788324e+03    -3.02826242e+01    -7.28130150e-02   
    2.50000000e+01     6.25000000e-03    -3.39154103e+05     4.59150638e+02    -1.60202280e+03    -2.97308323e+01     6.44639319e+00   
    3.00000000e+01     7.50000000e-03    -3.39321918e+05     9.66083768e+02    -3.74197264e+02    -3.03211666e+01     3.07287106e+00   
    3.50000000e+01     8.75000000e-03    -3.39229398e+05     6.47547049e+02     2.93099448e+03    -3.00341521e+01    -3.06214117e+00   
    4.00000000e+01     1.00000000e-02    -3.39207218e+05     3.42269336e+02     2.87406940e+03    -2.97744491e+01    -4.86017729e+00   
    4.50000000e+01     1.12500000e-02    -3.39275682e+05     8.88165967e+02     1.42956020e+03    -3.03242525e+01    -1.03377014e+00   
    5.00000000e+01     1.25000000e-02    -3.39226643e+05     5.39634213e+02    -3.52380420e+02    -3.00002463e+01     5.08263161e+00   
    5.50000000e+01     1.37500000e-02    -3.39302220e+05     9.34810765e+02    -4.66609979e+00    -3.02801607e+01     3.27187257e+00   
    6.00000000e+01     1.50000000e-02    -3.39238925e+05     7.62778618e+02     2.63578984e+03    -3.01341374e+01    -2.46918934e+00   
    6.50000000e+01     1.62500000e-02    -3.39208970e+05     3.39449257e+02     2.92527027e+03    -2.98279503e+01    -4.68223708e+00   
    7.00000000e+01     1.75000000e-02    -3.39256454e+05     6.50083341e+02     2.60245042e+03    -3.02198911e+01    -1.15377165e+00   
    7.50000000e+01     1.87500000e-02    -3.39282959e+05     6.37154084e+02    -8.96232153e+02    -3.01432436e+01     4.16931731e+00   
    8.00000000e+01     2.00000000e-02    -3.39301297e+05     5.84645432e+02    -3.23572491e+02    -3.01941958e+01     3.70121279e+00   
    8.50000000e+01     2.12500000e-02    -3.39282301e+05     6.95474801e+02     2.04392543e+03    -3.02349898e+01    -2.03820358e+00   
    9.00000000e+01     2.25000000e-02    -3.39247080e+05     4.80728977e+02     2.57634603e+03    -2.99121477e+01    -4.46620558e+00   
    9.50000000e+01     2.37500000e-02    -3.39288068e+05     6.80278803e+02     1.95654356e+03    -3.02719301e+01    -1.63507283e+00   
    1.00000000e+02     2.50000000e-02    -3.39282541e+05     5.56678473e+02    -3.95867640e+02    -3.01055354e+01     4.31183291e+00   
    1.05000000e+02     2.62500000e-02    -3.39302491e+05     7.12802100e+02    -1.87621928e+02    -3.02117192e+01     3.80199351e+00   
    1.10000000e+02     2.75000000e-02    -3.39271241e+05     6.58957046e+02     2.35879063e+03    -3.01912446e+01    -1.75959141e+00   
    1.15000000e+02     2.87500000e-02    -3.39234553e+05     3.24618476e+02     2.38772385e+03    -2.98451487e+01    -4.70695229e+00   
    1.20000000e+02     3.00000000e-02    -3.39276139e+05     8.72976128e+02     1.47448049e+03    -3.02389190e+01    -2.14545397e+00   
    1.25000000e+02     3.12500000e-02    -3.39300639e+05     7.11400118e+02     7.86358428e+02    -3.02114157e+01     3.82755422e+00   
    1.30000000e+02     3.25000000e-02    -3.39277705e+05     4.55439069e+02     5.36075372e+02    -3.01416511e+01     4.00091483e+00   
    1.35000000e+02     3.37500000e-02    -3.39298411e+05     5.69547543e+02     1.43264671e+03    -3.03050687e+01    -1.50450292e+00   
    1.40000000e+02     3.50000000e-02    -3.39255733e+05     3.37274001e+02     1.97455241e+03    -2.99843104e+01    -4.29537838e+00   
    1.45000000e+02     3.62500000e-02    -3.39288286e+05     5.53591021e+02     1.78616129e+03    -3.02633361e+01    -1.88210913e+00   
    1.50000000e+02     3.75000000e-02    -3.39304912e+05     5.85179430e+02    -5.42242546e+01    -3.02357209e+01     3.46256045e+00   
    1.55000000e+02     3.87500000e-02    -3.39294322e+05     5.07641948e+02    -8.08948042e+01    -3.01816632e+01     3.86589223e+00   
    1.60000000e+02     4.00000000e-02    -3.39295486e+05     6.55485888e+02     1.87707595e+03    -3.02763925e+01    -1.13077248e+00   
    1.65000000e+02     4.12500000e-02    -3.39253232e+05     4.82717589e+02     2.32601071e+03    -2.99145152e+01    -4.04392590e+00   
    1.70000000e+02     4.25000000e-02    -3.39286473e+05     8.16206848e+02     1.53740346e+03    -3.01823632e+01    -2.50911009e+00   
    1.75000000e+02     4.37500000e-02    -3.39239000e+05     7.18367914e+02     3.81934025e+03    -3.00555008e+01     3.31544616e+00   
    1.80000000e+02     4.50000000e-02    -3.39326702e+05     7.06434045e+02    -4.07099950e+02    -3.02904995e+01     2.42575835e+00   
    1.85000000e+02     4.62500000e-02    -3.39307078e+05     4.22144825e+02     3.18014417e+03    -3.02876980e+01    -2.55693323e-01   
    1.90000000e+02     4.75000000e-02    -3.39290492e+05     3.75320668e+02     3.91229180e+03    -3.01595440e+01    -2.36345659e+00   
    1.95000000e+02     4.87500000e-02    -3.39307293e+05     7.80780993e+02     2.80286548e+03    -3.02960167e+01    -1.45006989e+00   
    2.00000000e+02     5.00000000e-02    -3.39320461e+05     6.32067354e+02     4.65869851e+02    -3.03113749e+01     1.50683403e+00   
    2.05000000e+02     5.12500000e-02    -3.39296468e+05     3.45130538e+02    -8.10529226e+02    -3.02340500e+01     2.31049066e+00   
    2.10000000e+02     5.25000000e-02    -3.39310800e+05     4.47435400e+02     2.60260595e+03    -3.03654712e+01    -4.95311478e-01   
    2.15000000e+02     5.37500000e-02    -3.39295468e+05     3.64243608e+02     4.00969770e+03    -3.02759088e+01    -1.74952172e+00   
    2.20000000e+02     5.50000000e-02    -3.39312787e+05     5.16066940e+02     2.13894512e+03    -3.03808541e+01    -5.76694992e-01   
    2.25000000e+02     5.62500000e-02    -3.39316115e+05     2.84739842e+02    -1.06010685e+03    -3.03541658e+01     1.27685227e+00   
    2.30000000e+02     5.75000000e-02    -3.39298586e+05     3.84643492e+02    -5.85261138e+02    -3.02951071e+01     1.68367414e+00   
    2.35000000e+02     5.87500000e-02    -3.39316420e+05     5.16268876e+02     2.06253156e+03    -3.03715910e+01    -2.41835790e-01   
    2.40000000e+02     6.00000000e-02    -3.39293739e+05     3.30915125e+02     4.19777441e+03    -3.02376706e+01    -2.05284980e+00   
    2.45000000e+02     6.12500000e-02    -3.39308995e+05     4.59653989e+02     2.86853796e+03    -3.03425816e+01    -8.84871083e-01   
    2.50000000e+02     6.25000000e-02    -3.39308576e+05     3.57511081e+02    -1.40807593e+03    -3.02813357e+01     2.23739304e+00   
    2.55000000e+02     6.37500000e-02    -3.39319281e+05     4.75707794e+02    -4.59794406e+02    -3.03324591e+01     1.79886088e+00   
    2.60000000e+02     6.50000000e-02    -3.39304064e+05     4.85035247e+02     2.59706144e+03    -3.03241436e+01    -1.32405828e+00   
    2.65000000e+02     6.62500000e-02    -3.39295848e+05     4.80928191e+02     2.70248321e+03    -3.02609513e+01    -2.31209866e+00   
    2.70000000e+02     6.75000000e-02    -3.39314316e+05     4.64941042e+02     1.57278207e+03    -3.03601333e+01    -9.22799672e-02   
    2.75000000e+02     6.87500000e-02    -3.39302606e+05     4.76830986e+02    -5.32662634e+02    -3.03064775e+01     2.09237064e+00   
    2.80000000e+02     7.00000000e-02    -3.39316657e+05     4.12965411e+02     6.46947686e+02    -3.03695802e+01     1.05244730e+00   
    2.85000000e+02     7.12500000e-02    -3.39314872e+05     4.34956270e+02     2.13385924e+03    -3.03652127e+01    -9.91060183e-01   
    2.90000000e+02     7.25000000e-02    -3.39311387e+05     4.11950390e+02     2.10146357e+03    -3.03411061e+01    -1.62954848e+00   
    2.95000000e+02     7.37500000e-02    -3.39320850e+05     3.55091315e+02     1.24195829e+03    -3.03856076e+01    -8.55590938e-02   
    3.00000000e+02     7.50000000e-02    -3.39308079e+05     3.75387618e+02     9.27570297e+02    -3.03236547e+01     1.38288867e+00   
    3.05000000e+02     7.62500000e-02    -3.39316171e+05     3.54576607e+02     9.71079462e+02    -3.03541822e+01     9.56247433e-01   
    3.10000000e+02     7.75000000e-02    -3.39308450e+05     3.88209870e+02     1.72860937e+03    -3.03508043e+01    -7.65356594e-01   
    3.15000000e+02     7.87500000e-02    -3.39302018e+05     4.53878837e+02     1.98874831e+03    -3.02971473e+01    -1.24291143e+00   
    3.20000000e+02     8.00000000e-02    -3.39306692e+05     5.43474108e+02     1.44915113e+03    -3.03510229e+01    -3.08539053e-01   
    3.25000000e+02     8.12500000e-02    -3.39317608e+05     4.20713485e+02     7.42959821e+02    -3.03980727e+01     5.18342043e-01   
    3.30000000e+02     8.25000000e-02    -3.39316484e+05     5.14956638e+02     7.62561142e+02    -3.03933431e+01     3.43619293e-01   
    3.35000000e+02     8.37500000e-02    -3.39310709e+05     3.06049856e+02     1.85364861e+03    -3.03686690e+01    -5.21460593e-01   
    3.40000000e+02     8.50000000e-02    -3.39309286e+05     3.78161807e+02     1.14180210e+03    -3.03657118e+01     9.32061392e-02   
    3.45000000e+02     8.62500000e-02    -3.39311582e+05     4.84527937e+02     1.16569389e+03    -3.03727174e+01     9.76001322e-02   
    3.50000000e+02     8.75000000e-02    -3.39316886e+05     5.58314589e+02     4.40269152e+02    -3.04026778e+01     4.77487222e-01   
    3.55000000e+02     8.87500000e-02    -3.39308028e+05     5.70285446e+02     1.03030926e+03    -3.03807443e+01     3.35582610e-01   
    3.60000000e+02     9.00000000e-02    -3.39309894e+05     4.98030753e+02     1.47406220e+03    -3.03962784e+01    -4.58802665e-01   
    3.65000000e+02     9.12500000e-02    -3.39301514e+05     4.83094136e+02     1.77087800e+03    -3.03577491e+01    -4.72659239e-01   
    3.70000000e+02     9.25000000e-02    -3.39301891e+05     5.46293712e+02     1.10367265e+03    -3.03657099e+01     2.85937505e-01   
    3.75000000e+02     9.37500000e-02    -3.39299360e+05     5.10833706e+02     8.10470456e+02    -3.03659480e+01     8.47766943e-01   
    3.80000000e+02     9.50000000e-02    -3.39299485e+05     3.36817157e+02     1.38662525e+03    -3.03642275e+01    -1.44030919e-01   
    3.85000000e+02     9.62500000e-02    -3.39298839e+05     4.07271370e+02     1.38957099e+03    -3.03646637e+01    -8.39050451e-01   
    3.90000000e+02     9.75000000e-02    -3.39302219e+05     3.16224474e+02     1.18640103e+03    -3.03861625e+01    -4.10013183e-01   
    3.95000000e+02     9.87500000e-02    -3.39291887e+05     3.69399222e+02     1.57161284e+03    -3.03319181e+01     7.25862671e-01   
    4.00000000e+02     1.00000000e-01    -3.39306840e+05     4.18941402e+02     9.43592309e+02    -3.03991964e+01     3.74914433e-01   
    4.05000000e+02     1.01250000e-01    -3.39302924e+05     4.16484471e+02     1.21896385e+03    -3.03818446e+01    -4.29701407e-02   
    4.10000000e+02     1.02500000e-01    -3.39307415e+05     4.26996148e+02     9.82715477e+02    -3.03975241e+01    -5.09090410e-01   
    4.15000000e+02     1.03750000e-01    -3.39305506e+05     2.96599911e+02     1.09251117e+03    -3.03908891e+01    -3.23763785e-01   
    4.20000000e+02     1.05000000e-01    -3.39303754e+05     3.35708393e+02     1.13691754e+03    -3.03845468e+01     2.75861017e-01   
    4.25000000e+02     1.06250000e-01    -3.39302769e+05     4.05183964e+02     1.14203412e+03    -3.03814460e+01     3.87731422e-01   
    4.30000000e+02     1.07500000e-01    -3.39303363e+05     4.83476222e+02     1.22271582e+03    -3.03814379e+01    -2.51107629e-02   
    4.35000000e+02     1.08750000e-01    -3.39305316e+05     3.93723246e+02     1.05597733e+03    -3.03926003e+01    -4.19151403e-01   
    4.40000000e+02     1.10000000e-01    -3.39301953e+05     3.24672525e+02     1.30034602e+03    -3.03730016e+01    -8.86193356e-02   
    4.45000000e+02     1.11250000e-01    -3.39306447e+05     4.07612495e+02     1.07121711e+03    -3.04006258e+01    -3.90273898e-02   
    4.50000000e+02     1.12500000e-01    -3.39301964e+05     4.02751280e+02     1.27162803e+03    -3.03788456e+01    -7.08580720e-02   
    4.55000000e+02     1.13750000e-01    -3.39304698e+05     3.34991467e+02     8.63071937e+02    -3.03900394e+01     7.19687034e-02   
    4.60000000e+02     1.15000000e-01    -3.39298821e+05     3.74934276e+02     6.18322728e+02    -3.03643644e+01     6.08804767e-01   
    4.65000000e+02     1.16250000e-01    -3.39301012e+05     5.10153538e+02     1.04135544e+03    -3.03648264e+01    -4.29419170e-02   
    4.70000000e+02     1.17500000e-01    -3.39296456e+05     4.70908837e+02     1.18206368e+03    -3.03424119e+01    -4.97210803e-01   
    4.75000000e+02     1.18750000e-01    -3.39304378e+05     5.03711410e+02     1.54855508e+03    -3.03982893e+01    -3.14221206e-01   
    4.80000000e+02     1.20000000e-01    -3.39289519e+05     3.44755748e+02     9.56792229e+02    -3.03166036e+01     6.66602944e-01   
    4.85000000e+02     1.21250000e-01    -3.39301864e+05     3.80940696e+02     8.20015366e+02    -3.03830469e+01     4.25431407e-01   
    4.90000000e+02     1.22500000e-01    -3.39288243e+05     4.03844162e+02     1.95755707e+03    -3.03136973e+01     3.24674617e-01   
    4.95000000e+02     1.23750000e-01    -3.39301872e+05     4.94416992e+02     1.62204439e+03    -3.03850326e+01    -7.96393442e-01   
    5.00000000e+02     1.25000000e-01    -3.39300464e+05     4.23162533e+02     1.39060146e+03    -3.03708850e+01    -5.89876901e-01   
    5.05000000e+02     1.26250000e-01    -3.39284536e+05     3.49810038e+02     1.83907503e+03    -3.03105649e+01     5.70754165e-01   
    5.10000000e+02     1.27500000e-01    -3.39295319e+05     6.01421810e+02     1.38112402e+03    -3.03617664e+01    -2.68959597e-02   
    5.15000000e+02     1.28750000e-01    -3.39292360e+05     3.17009374e+02     1.73168256e+03    -3.03264810e+01    -6.23620973e-01   
    5.20000000e+02     1.30000000e-01    -3.39279180e+05     3.35232061e+02     2.05282524e+03    -3.02989689e+01    -6.89435544e-02   
    5.25000000e+02     1.31250000e-01    -3.39298042e+05     4.13574165e+02     1.27954281e+03    -3.03604241e+01     7.66985529e-01   
    5.30000000e+02     1.32500000e-01    -3.39307223e+05     3.21577075e+02     9.00020075e+02    -3.04062953e+01     2.28339181e-01   
    5.35000000e+02     1.33750000e-01    -3.39293413e+05     3.87437835e+02     1.57922161e+03    -3.03380280e+01    -4.82886239e-01   
    5.40000000e+02     1.35000000e-01    -3.39294144e+05     4.57827549e+02     1.55942718e+03    -3.03405162e+01    -7.76415934e-01   
    5.45000000e+02     1.36250000e-01    -3.39300769e+05     4.56186901e+02     1.27824430e+03    -3.03855364e+01    -8.98106030e-02   
    5.50000000e+02     1.37500000e-01    -3.39284916e+05     4.72092614e+02     9.75528886e+02    -3.03370742e+01     7.84600084e-01   
    5.55000000e+02     1.38750000e-01    -3.39292140e+05     3.02973441e+02     1.63818700e+03    -3.03707088e+01     8.63626535e-02   
    5.60000000e+02     1.40000000e-01    -3.39285384e+05     3.22748260e+02     2.37927046e+03    -3.03310042e+01    -5.07726132e-02   
    5.65000000e+02     1.41250000e-01    -3.39301731e+05     3.59262511e+02     1.06112877e+03    -3.04060426e+01    -1.63186428e-01   
    5.70000000e+02     1.42500000e-01    -3.39295513e+05     2.52150683e+02     9.67671837e+02    -3.03718398e+01     1.07343796e-01   
    5.75000000e+02     1.43750000e-01    -3.39302224e+05     3.88904772e+02     6.40516991e+02    -3.04016983e+01     1.70609146e-01   
    5.80000000e+02     1.45000000e-01    -3.39300437e+05     3.12976454e+02     7.65758806e+02    -3.03941859e+01     3.43319940e-01   
    5.85000000e+02     1.46250000e-01    -3.39286775e+05     4.02369992e+02     1.38427162e+03    -3.03265396e+01     4.17049776e-01   
    5.90000000e+02     1.47500000e-01    -3.39295695e+05     3.51922848e+02     1.79842740e+03    -3.03723345e+01    -6.88321215e-01   
    5.95000000e+02     1.48750000e-01    -3.39295444e+05     3.43187308e+02     1.87162754e+03    -3.03766298e+01    -7.68961334e-01   
    6.00000000e+02     1.50000000e-01    -3.39279432e+05     3.44917651e+02     1.66780382e+03    -3.02866260e+01     5.26560193e-01   
    6.05000000e+02     1.51250000e-01    -3.39299916e+05     3.42614976e+02     7.12998603e+02    -3.03936304e+01     2.36839269e-01   
    6.10000000e+02     1.52500000e-01    -3.39272473e+05     3.96534415e+02     1.96403364e+03    -3.02542076e+01     4.01270952e-01   
    6.15000000e+02     1.53750000e-01    -3.39287642e+05     3.86523821e+02     2.28921847e+03    -3.02670016e+01    -6.06692349e-02   
    6.20000000e+02     1.55000000e-01    -3.39289782e+05     4.60852000e+02     1.89636591e+03    -3.03237924e+01     9.78159609e-03   
    6.25000000e+02     1.56250000e-01    -3.39292888e+05     3.26977338e+02     1.84981730e+03    -3.03122934e+01     1.22975879e-01   
    6.30000000e+02     1.57500000e-01    -3.39300141e+05     3.22034360e+02     1.90731428e+03    -3.03741193e+01    -4.43587235e-01   
    6.35000000e+02     1.58750000e-01    -3.39303586e+05     3.20725530e+02     1.51538582e+03    -3.03932516e+01    -2.40998063e-01   
    6.40000000e+02     1.60000000e-01    -3.39305895e+05     3.09640684e+02     8.04639179e+02    -3.04036518e+01     2.41180799e-01   
    6.45000000e+02     1.61250000e-01    -3.39299498e+05     3.24265901e+02     6.47217523e+02    -3.03728313e+01     5.23961776e-01   
    6.50000000e+02     1.62500000e-01    -3.39306167e+05     2.83687182e+02     9.17218375e+02    -3.03993092e+01     5.35219961e-02   
    6.55000000e+02     1.63750000e-01    -3.39300588e+05     2.96901471e+02     1.66256884e+03    -3.03822132e+01    -3.51475790e-01   
    6.60000000e+02     1.65000000e-01    -3.39299371e+05     3.95964319e+02     1.86338354e+03    -3.03719601e+01    -3.60103495e-01   
    6.65000000e+02     1.66250000e-01    -3.39303095e+05     3.43518896e+02     1.27705896e+03    -3.03909067e+01     6.97856214e-03   
    6.70000000e+02     1.67500000e-01    -3.39305311e+05     2.89286693e+02     3.05460942e+02    -3.03931023e+01     5.74807638e-01   
    6.75000000e+02     1.68750000e-01    -3.39308032e+05     4.07653409e+02     5.17519467e+02    -3.04051444e+01     3.28890232e-01   
    6.80000000e+02     1.70000000e-01    -3.39306570e+05     3.29851484e+02     9.61768869e+02    -3.03999561e+01     4.93995653e-02   
    6.85000000e+02     1.71250000e-01    -3.39304884e+05     5.23950082e+02     1.08936708e+03    -3.03918484e+01    -2.54893683e-01   
    6.90000000e+02     1.72500000e-01    -3.39299632e+05     3.61979263e+02     1.50106675e+03    -3.03678805e+01    -5.85000536e-01   
    6.95000000e+02     1.73750000e-01    -3.39298450e+05     3.06498502e+02     1.90348474e+03    -3.03513668e+01    -5.42073880e-01   
    7.00000000e+02     1.75000000e-01    -3.39305038e+05     3.58040237e+02     1.03637750e+03    -3.03958989e+01     1.95458390e-01   
    7.05000000e+02     1.76250000e-01    -3.39300481e+05     4.09385900e+02     8.74307397e+02    -3.03853755e+01     6.23190741e-01   
    7.10000000e+02     1.77500000e-01    -3.39301451e+05     3.08824902e+02     1.35238699e+03    -3.03810663e+01     2.56689585e-02   
    7.15000000e+02     1.78750000e-01    -3.39298088e+05     3.80457133e+02     2.27471312e+03    -3.03666174e+01    -7.90472316e-01   
    7.20000000e+02     1.80000000e-01    -3.39299214e+05     4.08294321e+02     1.31387906e+03    -3.03761223e+01    -9.54369203e-03   
    7.25000000e+02     1.81250000e-01    -3.39302914e+05     4.20696107e+02     7.70786442e+01    -3.03922789e+01     8.55883899e-01   
    7.30000000e+02     1.82500000e-01    -3.39297991e+05     4.49028171e+02     6.85454922e+02    -3.03725052e+01     6.81365317e-01   
    7.35000000e+02     1.83750000e-01    -3.39298091e+05     3.90056967e+02     1.81193387e+03    -3.03660457e+01    -8.06527810e-01   
    7.40000000e+02     1.85000000e-01    -3.39302132e+05     2.85139440e+02     1.71608040e+03    -3.03862684e+01    -8.71473828e-01   
    7.45000000e+02     1.86250000e-01    -3.39306036e+05     4.50194251e+02     6.73831571e+02    -3.03984239e+01     5.50023961e-01   
    7.50000000e+02     1.87500000e-01    -3.39298815e+05     4.21928039e+02     7.10414441e+02    -3.03779799e+01     9.60143751e-01   
    7.55000000e+02     1.88750000e-01    -3.39300905e+05     5.04295232e+02     1.66610791e+03    -3.03782944e+01    -5.87018546e-01   
    7.60000000e+02     1.90000000e-01    -3.39296726e+05     3.83871150e+02     1.98206010e+03    -3.03630467e+01    -1.22971306e+00   
    7.65000000e+02     1.91250000e-01    -3.39294568e+05     3.76755442e+02     1.67753107e+03    -3.03521784e+01     1.50588625e-01   
    7.70000000e+02     1.92500000e-01    -3.39292901e+05     4.48245197e+02     3.80967927e+02    -3.03422388e+01     1.08670176e+00   
    7.75000000e+02     1.93750000e-01    -3.39301399e+05     3.95705066e+02     7.08333904e+02    -3.03828888e+01     4.25807816e-01   
    7.80000000e+02     1.95000000e-01    -3.39282930e+05     3.82165806e+02     2.64397295e+03    -3.03185357e+01    -5.15019464e-01   
    7.85000000e+02     1.96250000e-01    -3.39274146e+05     3.10534077e+02     3.29029786e+03    -3.02181644e+01    -2.83563999e-01   
    7.90000000e+02     1.97500000e-01    -3.39295113e+05     4.32632873e+02     1.87512815e+03    -3.03678789e+01    -2.64530530e-01   
    7.95000000e+02     1.98750000e-01    -3.39293717e+05     4.09924802e+02     7.89196588e+02    -3.03320557e+01     6.84022465e-01   
    8.00000000e+02     2.00000000e-01    -3.39292726e+05     4.71958729e+02     1.15286029e+03    -3.03348446e+01     7.06094825e-01   
    8.05000000e+02     2.01250000e-01    -3.39295845e+05     4.37743544e+02     1.71368203e+03    -3.03663066e+01    -5.16610642e-01   
    8.10000000e+02     2.02500000e-01    -3.39279125e+05     3.44668947e+02     2.41728426e+03    -3.02606911e+01    -4.86752471e-01   
    8.15000000e+02     2.03750000e-01    -3.39298685e+05     5.18371511e+02     1.53970870e+03    -3.03591701e+01    -3.71860225e-01   
    8.20000000e+02     2.05000000e-01    -3.39293493e+05     4.60823680e+02     1.72496180e+03    -3.03232015e+01     7.30181802e-01   
    8.25000000e+02     2.06250000e-01    -3.39289708e+05     4.48052133e+02     2.09430968e+03    -3.03060793e+01     3.52478090e-01   
    8.30000000e+02     2.07500000e-01    -3.39292134e+05     4.25147224e+02     1.80777050e+03    -3.03424497e+01    -8.58779839e-01   
    8.35000000e+02     2.08750000e-01    -3.39292843e+05     5.08638424e+02     1.74995943e+03    -3.03474709e+01    -6.61365501e-01   
    8.40000000e+02     2.10000000e-01    -3.39301705e+05     5.05790389e+02     1.01248385e+03    -3.03865046e+01     3.01708884e-01   
    8.45000000e+02     2.11250000e-01    -3.39300645e+05     3.14584652e+02     5.82696772e+02    -3.03834849e+01     8.45662457e-01   
    8.50000000e+02     2.12500000e-01    -3.39303469e+05     3.23531032e+02     7.49962135e+02    -3.03975473e+01     4.85451566e-01   
    8.55000000e+02     2.13750000e-01    -3.39303493e+05     3.93940624e+02     1.17587444e+03    -3.04014134e+01    -4.43221028e-01   
    8.60000000e+02     2.15000000e-01    -3.39301143e+05     4.09501632e+02     1.22477801e+03    -3.03817186e+01    -6.22128297e-01   
    8.65000000e+02     2.16250000e-01    -3.39302305e+05     4.20527632e+02     1.12789238e+03    -3.03882571e+01    -1.46448015e-01   
    8.70000000e+02     2.17500000e-01    -3.39299127e+05     3.79890439e+02     1.21689139e+03    -3.03766409e+01     4.32438100e-01   
    8.75000000e+02     2.18750000e-01    -3.39301855e+05     2.76898674e+02     1.07821104e+03    -3.03920279e+01     3.03733764e-01   
    8.80000000e+02     2.20000000e-01    -3.39301266e+05     3.56204297e+02     1.10099052e+03    -3.03938421e+01    -4.04532015e-01   
    8.85000000e+02     2.21250000e-01    -3.39300865e+05     2.87442813e+02     1.22443764e+03    -3.03888810e+01    -4.83402452e-01   
    8.90000000e+02     2.22500000e-01    -3.39304368e+05     3.17529138e+02     8.75879259e+02    -3.04078910e+01     1.38203569e-01   
    8.95000000e+02     2.23750000e-01    -3.39293280e+05     3.59448061e+02     9.47559245e+02    -3.03601083e+01     7.16563622e-01   
    9.00000000e+02     2.25000000e-01    -3.39296709e+05     3.33933049e+02     1.09207499e+03    -3.03718054e+01     6.23287432e-03   
    9.05000000e+02     2.26250000e-01    -3.39298053e+05     4.49857536e+02     1.65780716e+03    -3.03777786e+01    -7.42697804e-01   
    9.10000000e+02     2.27500000e-01    -3.39298751e+05     5.94729778e+02     1.42655894e+03    -3.03813791e+01    -1.45541037e-01   
    9.15000000e+02     2.28750000e-01    -3.39299669e+05     4.34915555e+02     9.56779368e+02    -3.03926535e+01     5.97071978e-01   
    9.20000000e+02     2.30000000e-01    -3.39293295e+05     2.86396048e+02     1.36138197e+03    -3.03693897e+01     2.80165462e-01   
    9.25000000e+02     2.31250000e-01    -3.39297957e+05     3.51379837e+02     1.28990983e+03    -3.03885657e+01    -6.44022427e-01   
    9.30000000e+02     2.32500000e-01    -3.39294430e+05     3.29518043e+02     1.56363127e+03    -3.03711531e+01    -5.01214367e-01   
    9.35000000e+02     2.33750000e-01    -3.39300719e+05     4.11265544e+02     8.40755352e+02    -3.04040796e+01     4.12464945e-01   
    9.40000000e+02     2.35000000e-01    -3.39287249e+05     4.09032119e+02     1.19664446e+03    -3.03481837e+01     8.45585849e-01   
    9.45000000e+02     2.36250000e-01    -3.39291914e+05     4.21734220e+02     1.75099723e+03    -3.03529425e+01    -1.15725382e-01   
    9.50000000e+02     2.37500000e-01    -3.39287994e+05     5.13064391e+02     1.96760653e+03    -3.03351345e+01    -9.88102427e-01   
    9.55000000e+02     2.38750000e-01    -3.39284973e+05     5.05153474e+02     2.79513923e+03    -3.03080132e+01    -9.49046990e-01   
    9.60000000e+02     2.40000000e-01    -3.39304064e+05     4.79844340e+02     1.29822092e+03    -3.04062565e+01    -3.70287082e-02   
    9.65000000e+02     2.41250000e-01    -3.39293649e+05     4.83204455e+02    -4.74631685e+02    -3.03333182e+01     7.96761511e-01   
    9.70000000e+02     2.42500000e-01    -3.39283042e+05     4.64941518e+02     1.87901738e+03    -3.02922346e+01     9.69640349e-01   
    9.75000000e+02     2.43750000e-01    -3.39281096e+05     3.61399669e+02     2.65695692e+03    -3.03170430e+01     4.55631260e-01   
    9.80000000e+02     2.45000000e-01    -3.39289323e+05     4.41958664e+02     1.33468898e+03    -3.03585880e+01    -3.88586027e-01   
    9.85000000e+02     2.46250000e-01    -3.39288157e+05     3.74726091e+02     1.18741071e+03    -3.03571919e+01    -3.54640192e-01   
    9.90000000e+02     2.47500000e-01    -3.39285411e+05     4.79553330e+02     2.14062367e+03    -3.03372633e+01     5.68121585e-02   
    9.95000000e+02     2.48750000e-01    -3.39288911e+05     3.29153180e+02     2.07157611e+03    -3.03518164e+01    -2.05335393e-01   
    1.00000000e+03     2.50000000e-01    -3.39294139e+05     4.57658778e+02     1.46304213e+03    -3.03856999e+01    -4.14419336e-01   
